[15:49:24] [ServerMain/INFO]: Building unoptimized datafixer
[15:49:26] [ServerMain/INFO]: Environment: authHost='https://authserver.mojang.com', accountsHost='https://api.mojang.com', sessionHost='https://sessionserver.mojang.com', servicesHost='https://api.minecraftservices.com', name='PROD'
[15:49:28] [ServerMain/INFO]: Loaded 7 recipes
[15:49:28] [Server thread/INFO]: Starting minecraft server version 1.19.3
[15:49:28] [Server thread/INFO]: Loading properties
[15:49:28] [Server thread/INFO]: This server is running Paper version git-Paper-377 (MC: 1.19.3) (Implementing API version 1.19.3-R0.1-SNAPSHOT) (Git: 5aee09d)
[15:49:28] [Server thread/INFO]: Server Ping Player Sample Count: 12
[15:49:28] [Server thread/INFO]: Using 4 threads for Netty based IO
[15:49:29] [Server thread/INFO]: [ChunkTaskScheduler] Chunk system is using 1 I/O threads, 1 worker threads, and gen parallelism of 1 threads
[15:49:29] [Server thread/INFO]: Default game type: SURVIVAL
[15:49:29] [Server thread/INFO]: Generating keypair
[15:49:29] [Server thread/INFO]: Starting Minecraft server on *:51430
[15:49:29] [Server thread/INFO]: Using epoll channel type
[15:49:29] [Server thread/INFO]: Paper: Using libdeflate (Linux aarch64) compression from Velocity.
[15:49:29] [Server thread/INFO]: Paper: Using OpenSSL (Linux aarch64) cipher from Velocity.
[15:49:30] [Server thread/INFO]: [LuckPerms] Loading LuckPerms v5.4.58
[15:49:30] [Server thread/INFO]: [WorldEdit] Loading WorldEdit v7.2.13+46576cc
[15:49:31] [Server thread/INFO]: Got request to register class com.sk89q.worldedit.bukkit.BukkitServerInterface with WorldEdit [com.sk89q.worldedit.extension.platform.PlatformManager@648be93c]
[15:49:31] [Server thread/INFO]: [WildChests] Loading WildChests v2022.7
[15:49:31] [Server thread/INFO]: [WildChests] Data version: 3218
[15:49:31] [Server thread/INFO]: [WildChests] The plugin doesn't support your minecraft version.
[15:49:31] [Server thread/INFO]: [WildChests] Please try a different version.
[15:49:31] [Server thread/INFO]: [CraftEnhance] Loading CraftEnhance v2.5.2
[15:49:31] [Server thread/INFO]: [ProtocolLib] Loading ProtocolLib v5.0.0-SNAPSHOT-b612
[15:49:32] [Server thread/INFO]: [WildTools] Loading WildTools v2022.7
[15:49:32] [Server thread/INFO]: [WildTools] Data version: 3218
[15:49:32] [Server thread/INFO]: [WildTools] &cThe plugin doesn't support your minecraft version.
[15:49:32] [Server thread/INFO]: [WildTools] &cPlease try a different version.
[15:49:32] [Server thread/INFO]: [SCore] Loading SCore v3.9.15
[15:49:32] [Server thread/INFO]: [ExecutableItems] Loading ExecutableItems v5.9.15
[15:49:32] [Server thread/INFO]: [PlugManX] Loading PlugManX v2.3.0
[15:49:32] [Server thread/INFO]: true
[15:49:32] [Server thread/INFO]: Server permissions file permissions.yml is empty, ignoring it
[15:49:32] [Server thread/INFO]: [LuckPerms] Enabling LuckPerms v5.4.58
[15:49:32] [Server thread/INFO]:         __    
[15:49:32] [Server thread/INFO]:   |    |__)   LuckPerms v5.4.58
[15:49:32] [Server thread/INFO]:   |___ |      Running on Bukkit - Paper
[15:49:32] [Server thread/INFO]: 
[15:49:32] [Server thread/INFO]: [LuckPerms] Loading configuration...
[15:49:33] [Server thread/INFO]: [LuckPerms] Loading storage provider... [H2]
[15:49:33] [Server thread/INFO]: [LuckPerms] Loading internal permission managers...
[15:49:33] [Server thread/INFO]: [LuckPerms] Performing initial data load...
[15:49:33] [Server thread/INFO]: [LuckPerms] Successfully enabled. (took 1358ms)
[15:49:33] [Server thread/INFO]: [WorldEdit] Enabling WorldEdit v7.2.13+46576cc
[15:49:33] [Server thread/INFO]: Registering commands with com.sk89q.worldedit.bukkit.BukkitServerInterface
[15:49:33] [Server thread/INFO]: WEPIF: Using the Bukkit Permissions API.
[15:49:33] [Server thread/INFO]: Using com.sk89q.worldedit.bukkit.adapter.impl.v1_19_R2.PaperweightAdapter as the Bukkit adapter
[15:49:35] [Server thread/INFO]: [ProtocolLib] Enabling ProtocolLib v5.0.0-SNAPSHOT-b612
[15:49:35] [Server thread/INFO]: [PlugManX] Enabling PlugManX v2.3.0
[15:49:35] [Server thread/WARN]: **** SERVER IS RUNNING IN OFFLINE/INSECURE MODE!
[15:49:35] [Server thread/WARN]: The server will make no attempt to authenticate usernames. Beware.
[15:49:35] [Server thread/WARN]: While this makes the game possible to play without internet access, it also opens up the ability for hackers to connect with any username they choose.
[15:49:35] [Server thread/WARN]: To change this, set "online-mode" to "true" in the server.properties file.
[15:49:35] [Server thread/INFO]: Preparing level "world"
[15:49:36] [Server thread/INFO]: Preparing start region for dimension minecraft:overworld
[15:49:36] [Server thread/INFO]: Time elapsed: 69 ms
[15:49:36] [Server thread/INFO]: Preparing start region for dimension minecraft:the_nether
[15:49:36] [Server thread/INFO]: Time elapsed: 43 ms
[15:49:36] [Server thread/INFO]: Preparing start region for dimension minecraft:the_end
[15:49:36] [Server thread/INFO]: Time elapsed: 45 ms
[15:49:36] [Server thread/INFO]: [WildChests] Enabling WildChests v2022.7
[15:49:36] [Server thread/INFO]: [CraftEnhance] Enabling CraftEnhance v2.5.2
[15:49:36] [Server thread/INFO]: [CraftEnhance] Now starting MenuApi. Any errors will be shown below.
[15:49:36] [Server thread/WARN]: [CraftEnhance] Is untested on never minecraft versions an 1.18.2
[15:49:37] [Server thread/INFO]: [NBTAPI] [NBTAPI] NMS support 'MC1_19_R2' loaded!
[15:49:37] [Server thread/INFO]: [NBTAPI] [NBTAPI] Found Gson: class com.google.gson.Gson
[15:49:37] [Thread-9/INFO]: [NBTAPI] [NBTAPI] The NBT-API seems to be up-to-date!
[15:49:37] [Server thread/INFO]: [CraftEnhance] CraftEnhance is managed and developed by DutchJelly.
[15:49:37] [Server thread/INFO]: [CraftEnhance] If you find a bug in the plugin, please report it to https://github.com/DutchJelly/CraftEnhance/issues.
[15:49:37] [Server thread/INFO]: [CraftEnhance] Running a version check to check that the server is compatible with game version 1.9, 1.10, 1.11, 1.12, 1.13, 1.14, 1.15, 1.16, 1.17, 1.18, 1.19.
[15:49:37] [Server thread/INFO]: [CraftEnhance] The correct version is installed.
[15:49:37] [Server thread/INFO]: [WildTools] Enabling WildTools v2022.7
[15:49:37] [Server thread/INFO]: [WildTools] Disabling WildTools v2022.7
[15:49:37] [Server thread/INFO]: [SCore] Enabling SCore v3.9.15
[15:49:37] [Server thread/INFO]: ================ SCore ================
[15:49:37] [Server thread/INFO]: SCore Version of the server git-Paper-377 (MC: 1.19.3) !
[15:49:37] [Server thread/INFO]: SCore ExecutableItems hooked !
[15:49:37] [Server thread/INFO]: SCore ProtocolLib hooked !
[15:49:37] [Server thread/INFO]: SCore Locale setup: EN
[15:49:37] [Server thread/INFO]: SCore Language setup on EN
[15:49:37] [Server thread/INFO]: SCore onnection to the db...
[15:49:37] [Server thread/INFO]: SCore Creating table SecurityOP if not exists...
[15:49:37] [Server thread/INFO]: SCore Creating table Commands if not exists...
[15:49:37] [Server thread/INFO]: SCore Creating table Cooldowns if not exists...
[15:49:37] [Server thread/INFO]: SCore Creating table Commands Player if not exists...
[15:49:37] [Server thread/INFO]: SCore Creating table Commands Entity if not exists...
[15:49:37] [Server thread/INFO]: SCore Creating table Commands Block if not exists...
[15:49:37] [Server thread/INFO]: SCore Creating table UsePerDay if not exists...
[15:49:38] [Server thread/INFO]: SCore SCore loaded 0 delayed commands saved
[15:49:38] [Server thread/INFO]: ================ SCore ================
[15:49:38] [Server thread/INFO]: [ExecutableItems] Enabling ExecutableItems v5.9.15
[15:49:38] [Server thread/INFO]: ================ ExecutableItems ================
[15:49:38] [Server thread/ERROR]: [ExecutableItems] Invalid world: myWorld in the option disableItemsPerWorld
[15:49:38] [Server thread/ERROR]: [ExecutableItems] Invalid world: myWorld2 in the option disableItemsPerWorld
[15:49:40] [Server thread/INFO]: ================ ExecutableItems ================
[15:49:40] [Server thread/INFO]: Starting GS4 status listener
[15:49:40] [Server thread/INFO]: Thread Query Listener started
[15:49:40] [Query Listener #1/INFO]: Query running on 0.0.0.0:51430
[15:49:40] [Server thread/INFO]: Running delayed init tasks
[15:49:40] [Server thread/INFO]: Done (11.773s)! For help, type "help"
[15:49:40] [Server thread/INFO]: Timings Reset
[15:49:40] [Craft Scheduler Thread - 3 - CraftEnhance/INFO]: [CraftEnhance] There's a new version (2.4.4) of the plugin available on https://www.spigotmc.org/resources/1-9-1-19-custom-recipes-and-crafting-craftenhance.65058/ or https://dev.bukkit.org/projects/craftenhance/files.
[15:50:36] [Server thread/INFO]: [Not Secure] [Server] hello
[15:50:39] [Server thread/INFO]: [Not Secure] [Server] hi
[15:50:58] [Server thread/INFO]: [Not Secure] [Server] this is where u start and stop server to start u use the command java
[15:51:03] [Server thread/INFO]: [Not Secure] [Server] im not dumb
[15:51:07] [Server thread/INFO]: [Not Secure] [Server] this is where u start and stop server to start u use the command javasay ok lol
[15:51:13] [Server thread/INFO]: CONSOLE: Are you sure you wish to reload your server? Doing so may cause bugs and memory leaks. It is recommended to restart instead of using /reload. To confirm, please type /reload confirm
[15:51:18] [Server thread/INFO]: CONSOLE: Please note that this command is not supported and may cause issues when using some plugins.
[15:51:18] [Server thread/INFO]: CONSOLE: If you encounter any issues please use the /stop command to restart your server.
[15:51:18] [Server thread/INFO]: Server Ping Player Sample Count: 12
[15:51:18] [Server thread/INFO]: Using 4 threads for Netty based IO
[15:51:18] [Server thread/INFO]: [PlugManX] Disabling PlugManX v2.3.0
[15:51:18] [Server thread/INFO]: [ExecutableItems] Disabling ExecutableItems v5.9.15
[15:51:18] [Server thread/INFO]: [ProtocolLib] Disabling ProtocolLib v5.0.0-SNAPSHOT-b612
[15:51:18] [Server thread/ERROR]: [ProtocolLib] ╔══════════════════════════════════════════════════════════════════╗
[15:51:18] [Server thread/ERROR]: [ProtocolLib] ║                               WARNING                            ║
[15:51:18] [Server thread/ERROR]: [ProtocolLib] ║     RELOADING THE SERVER WHILE PROTOCOL LIB IS ENABLED MIGHT     ║
[15:51:18] [Server thread/ERROR]: [ProtocolLib] ║                    LEAD TO UNEXPECTED ERRORS!                    ║
[15:51:18] [Server thread/ERROR]: [ProtocolLib] ║                                                                  ║
[15:51:18] [Server thread/ERROR]: [ProtocolLib] ║     Consider to cleanly restart your server if you encounter     ║
[15:51:18] [Server thread/ERROR]: [ProtocolLib] ║    any issues related to Protocol Lib before opening an issue    ║
[15:51:18] [Server thread/ERROR]: [ProtocolLib] ║                            on GitHub!                            ║
[15:51:18] [Server thread/ERROR]: [ProtocolLib] ╚══════════════════════════════════════════════════════════════════╝
[15:51:18] [Server thread/INFO]: [CraftEnhance] Disabling CraftEnhance v2.5.2
[15:51:18] [Server thread/INFO]: Loaded 7 recipes
[15:51:18] [Server thread/INFO]: [WorldEdit] Disabling WorldEdit v7.2.13+46576cc
[15:51:19] [Server thread/INFO]: Unregistering com.sk89q.worldedit.bukkit.BukkitServerInterface from WorldEdit
[15:51:19] [Server thread/INFO]: [LuckPerms] Disabling LuckPerms v5.4.58
[15:51:19] [Server thread/INFO]: [LuckPerms] Starting shutdown process...
[15:51:19] [Server thread/INFO]: [LuckPerms] Closing storage...
[15:51:19] [Server thread/INFO]: [LuckPerms] Goodbye!
[15:51:19] [Server thread/INFO]: Loaded 7 recipes
[15:51:19] [Server thread/INFO]: [LuckPerms] Loading LuckPerms v5.4.58
[15:51:20] [Server thread/INFO]: [WorldEdit] Loading WorldEdit v7.2.13+46576cc
[15:51:20] [Server thread/INFO]: Got request to register class com.sk89q.worldedit.bukkit.BukkitServerInterface with WorldEdit [com.sk89q.worldedit.extension.platform.PlatformManager@53c9019d]
[15:51:20] [Server thread/INFO]: [WildChests] Loading WildChests v2022.7
[15:51:20] [Server thread/INFO]: [WildChests] Data version: 3218
[15:51:20] [Server thread/INFO]: [WildChests] The plugin doesn't support your minecraft version.
[15:51:20] [Server thread/INFO]: [WildChests] Please try a different version.
[15:51:20] [Server thread/INFO]: [CraftEnhance] Loading CraftEnhance v2.5.2
[15:51:20] [Server thread/INFO]: [ProtocolLib] Loading ProtocolLib v5.0.0-SNAPSHOT-b612
[15:51:21] [Server thread/INFO]: [WildTools] Loading WildTools v2022.7
[15:51:21] [Server thread/INFO]: [WildTools] Data version: 3218
[15:51:21] [Server thread/INFO]: [WildTools] &cThe plugin doesn't support your minecraft version.
[15:51:21] [Server thread/INFO]: [WildTools] &cPlease try a different version.
[15:51:21] [Server thread/INFO]: [SCore] Loading SCore v3.9.15
[15:51:21] [Server thread/INFO]: [ExecutableItems] Loading ExecutableItems v5.9.15
[15:51:21] [Server thread/INFO]: [PlugManX] Loading PlugManX v2.3.0
[15:51:21] [Server thread/INFO]: true
[15:51:21] [Server thread/INFO]: Server permissions file permissions.yml is empty, ignoring it
[15:51:21] [Server thread/INFO]: [LuckPerms] Enabling LuckPerms v5.4.58
[15:51:21] [Server thread/INFO]:         __    
[15:51:21] [Server thread/INFO]:   |    |__)   LuckPerms v5.4.58
[15:51:21] [Server thread/INFO]:   |___ |      Running on Bukkit - Paper
[15:51:21] [Server thread/INFO]: 
[15:51:21] [Server thread/INFO]: [LuckPerms] Loading configuration...
[15:51:21] [Server thread/INFO]: [LuckPerms] Loading storage provider... [H2]
[15:51:21] [Server thread/INFO]: [LuckPerms] Loading internal permission managers...
[15:51:21] [Server thread/INFO]: [LuckPerms] Performing initial data load...
[15:51:22] [Server thread/INFO]: [LuckPerms] Successfully enabled. (took 956ms)
[15:51:22] [Server thread/INFO]: [WorldEdit] Enabling WorldEdit v7.2.13+46576cc
[15:51:22] [Server thread/INFO]: Registering commands with com.sk89q.worldedit.bukkit.BukkitServerInterface
[15:51:22] [Server thread/INFO]: WEPIF: Using the Bukkit Permissions API.
[15:51:22] [Server thread/WARN]: [WorldEdit] Server reload detected. This may cause various issues with WorldEdit and dependent plugins.
[15:51:22] [Server thread/INFO]: Using com.sk89q.worldedit.bukkit.adapter.impl.v1_19_R2.PaperweightAdapter as the Bukkit adapter
[15:51:23] [Server thread/INFO]: [ProtocolLib] Enabling ProtocolLib v5.0.0-SNAPSHOT-b612
[15:51:23] [Server thread/INFO]: [PlugManX] Enabling PlugManX v2.3.0
[15:51:23] [Server thread/INFO]: [WildChests] Enabling WildChests v2022.7
[15:51:23] [Server thread/INFO]: [CraftEnhance] Enabling CraftEnhance v2.5.2
[15:51:23] [Server thread/INFO]: [CraftEnhance] Now starting MenuApi. Any errors will be shown below.
[15:51:23] [Server thread/WARN]: [CraftEnhance] Is untested on never minecraft versions an 1.18.2
[15:51:23] [Server thread/INFO]: [NBTAPI] [NBTAPI] NMS support 'MC1_19_R2' loaded!
[15:51:23] [Server thread/INFO]: [NBTAPI] [NBTAPI] Found Gson: class com.google.gson.Gson
[15:51:23] [Thread-14/INFO]: [NBTAPI] [NBTAPI] The NBT-API seems to be up-to-date!
[15:51:23] [Server thread/INFO]: [CraftEnhance] CraftEnhance is managed and developed by DutchJelly.
[15:51:23] [Server thread/INFO]: [CraftEnhance] If you find a bug in the plugin, please report it to https://github.com/DutchJelly/CraftEnhance/issues.
[15:51:23] [Server thread/INFO]: [CraftEnhance] Running a version check to check that the server is compatible with game version 1.9, 1.10, 1.11, 1.12, 1.13, 1.14, 1.15, 1.16, 1.17, 1.18, 1.19.
[15:51:23] [Server thread/INFO]: [CraftEnhance] The correct version is installed.
[15:51:23] [Server thread/INFO]: [WildTools] Enabling WildTools v2022.7
[15:51:23] [Server thread/INFO]: [WildTools] Disabling WildTools v2022.7
[15:51:23] [Server thread/INFO]: [SCore] Enabling SCore v3.9.15
[15:51:23] [Server thread/INFO]: ================ SCore ================
[15:51:23] [Server thread/INFO]: SCore Version of the server git-Paper-377 (MC: 1.19.3) !
[15:51:23] [Server thread/INFO]: SCore ExecutableItems hooked !
[15:51:23] [Server thread/INFO]: SCore ProtocolLib hooked !
[15:51:23] [Server thread/INFO]: SCore Locale setup: EN
[15:51:23] [Server thread/INFO]: SCore Language setup on EN
[15:51:23] [Server thread/INFO]: SCore onnection to the db...
[15:51:23] [Server thread/INFO]: SCore Creating table SecurityOP if not exists...
[15:51:23] [Server thread/INFO]: SCore Creating table Commands if not exists...
[15:51:23] [Server thread/INFO]: SCore Creating table Cooldowns if not exists...
[15:51:23] [Server thread/INFO]: SCore Creating table Commands Player if not exists...
[15:51:23] [Server thread/INFO]: SCore Creating table Commands Entity if not exists...
[15:51:23] [Server thread/INFO]: SCore Creating table Commands Block if not exists...
[15:51:23] [Server thread/INFO]: SCore Creating table UsePerDay if not exists...
[15:51:24] [Server thread/INFO]: SCore SCore loaded 0 delayed commands saved
[15:51:24] [Server thread/INFO]: ================ SCore ================
[15:51:24] [Server thread/INFO]: [ExecutableItems] Enabling ExecutableItems v5.9.15
[15:51:24] [Server thread/INFO]: ================ ExecutableItems ================
[15:51:24] [Server thread/ERROR]: [ExecutableItems] Invalid world: myWorld in the option disableItemsPerWorld
[15:51:24] [Server thread/ERROR]: [ExecutableItems] Invalid world: myWorld2 in the option disableItemsPerWorld
[15:51:25] [Server thread/INFO]: ================ ExecutableItems ================
[15:51:25] [Server thread/INFO]: CONSOLE: Reload complete.
[15:51:25] [Server thread/WARN]: Can't keep up! Is the server overloaded? Running 7322ms or 146 ticks behind
[15:51:25] [Server thread/INFO]: Timings Reset
[15:51:25] [Craft Scheduler Thread - 5 - CraftEnhance/INFO]: [CraftEnhance] There's a new version (2.4.4) of the plugin available on https://www.spigotmc.org/resources/1-9-1-19-custom-recipes-and-crafting-craftenhance.65058/ or https://dev.bukkit.org/projects/craftenhance/files.
[15:51:52] [Server thread/INFO]: Plugins (9): CraftEnhance, ExecutableItems, LuckPerms, PlugManX (PlugMan), ProtocolLib, SCore, WildChests, WildTools, WorldEdit
[15:52:52] [Server thread/INFO]: Stopping the server
[15:52:52] [Server thread/INFO]: Stopping server
[15:52:52] [Server thread/INFO]: [PlugManX] Disabling PlugManX v2.3.0
[15:52:52] [Server thread/INFO]: [ExecutableItems] Disabling ExecutableItems v5.9.15
[15:52:52] [Server thread/INFO]: [ProtocolLib] Disabling ProtocolLib v5.0.0-SNAPSHOT-b612
[15:52:52] [Server thread/INFO]: [CraftEnhance] Disabling CraftEnhance v2.5.2
[15:52:53] [Worker-Main-1/INFO]: Loaded 7 recipes
[15:52:53] [Server thread/INFO]: [WorldEdit] Disabling WorldEdit v7.2.13+46576cc
[15:52:53] [Server thread/INFO]: Unregistering com.sk89q.worldedit.bukkit.BukkitServerInterface from WorldEdit
[15:52:53] [Server thread/INFO]: [LuckPerms] Disabling LuckPerms v5.4.58
[15:52:53] [Server thread/INFO]: [LuckPerms] Starting shutdown process...
[15:52:53] [Server thread/INFO]: [LuckPerms] Closing storage...
[15:52:53] [Server thread/INFO]: [LuckPerms] Goodbye!
[15:52:53] [Server thread/INFO]: Saving players
[15:52:53] [Server thread/INFO]: Saving worlds
[15:52:53] [Server thread/INFO]: Saving chunks for level 'ServerLevel[world]'/minecraft:overworld
[15:52:53] [Server thread/INFO]: [ChunkHolderManager] Waiting 60s for chunk system to halt for world 'world'
[15:52:53] [Server thread/INFO]: [ChunkHolderManager] Halted chunk system for world 'world'
[15:52:53] [Server thread/INFO]: [ChunkHolderManager] Saving all chunkholders for world 'world'
[15:52:53] [Server thread/INFO]: [ChunkHolderManager] Saved 121 block chunks, 121 entity chunks, 0 poi chunks in world 'world' in 0.29s
[15:52:53] [Server thread/INFO]: ThreadedAnvilChunkStorage (world): All chunks are saved
[15:52:53] [Server thread/INFO]: Saving chunks for level 'ServerLevel[world_nether]'/minecraft:the_nether
[15:52:53] [Server thread/INFO]: [ChunkHolderManager] Waiting 60s for chunk system to halt for world 'world_nether'
[15:52:53] [Server thread/INFO]: [ChunkHolderManager] Halted chunk system for world 'world_nether'
[15:52:53] [Server thread/INFO]: [ChunkHolderManager] Saving all chunkholders for world 'world_nether'
[15:52:54] [Server thread/INFO]: [ChunkHolderManager] Saved 121 block chunks, 121 entity chunks, 0 poi chunks in world 'world_nether' in 0.27s
[15:52:54] [Server thread/INFO]: ThreadedAnvilChunkStorage (DIM-1): All chunks are saved
[15:52:54] [Server thread/INFO]: Saving chunks for level 'ServerLevel[world_the_end]'/minecraft:the_end
[15:52:54] [Server thread/INFO]: [ChunkHolderManager] Waiting 60s for chunk system to halt for world 'world_the_end'
[15:52:54] [Server thread/INFO]: [ChunkHolderManager] Halted chunk system for world 'world_the_end'
[15:52:54] [Server thread/INFO]: [ChunkHolderManager] Saving all chunkholders for world 'world_the_end'
[15:52:54] [Server thread/INFO]: [ChunkHolderManager] Saved 121 block chunks, 121 entity chunks, 0 poi chunks in world 'world_the_end' in 0.06s
[15:52:54] [Server thread/INFO]: ThreadedAnvilChunkStorage (DIM1): All chunks are saved
[15:52:54] [Server thread/INFO]: ThreadedAnvilChunkStorage: All dimensions are saved
[15:52:54] [Server thread/INFO]: Flushing Chunk IO
[15:52:54] [Server thread/INFO]: Closing Thread Pool
[15:52:54] [Server thread/INFO]: Closing Server
